<?xml version="1.0" encoding="UTF-8"?>
<!-- Generated by org.testng.reporters.JUnitReportReporter -->
<testsuite hostname="DESKTOP-8HK16GD" failures="0" tests="5" name="testCases.TC003_Login_DDT" time="78.453" errors="0" timestamp="2024-12-12T18:52:53 IST" skipped="0">
  <testcase classname="testCases.TC003_Login_DDT" name="verify_LoginDDT" time="14.861"/>
  <testcase classname="testCases.TC003_Login_DDT" name="verify_LoginDDT" time="14.764"/>
  <testcase classname="testCases.TC003_Login_DDT" name="verify_LoginDDT" time="27.759"/>
  <testcase classname="testCases.TC003_Login_DDT" name="verify_LoginDDT" time="6.102"/>
  <testcase classname="testCases.TC003_Login_DDT" name="verify_LoginDDT" time="14.967"/>
</testsuite> <!-- testCases.TC003_Login_DDT -->
