<?xml version="1.0" encoding="UTF-8"?>
<!-- Generated by org.testng.reporters.JUnitReportReporter -->
<testsuite hostname="DESKTOP-8HK16GD" failures="0" tests="1" name="testCases.TC002_LoginTest" time="3.974" errors="0" timestamp="2024-12-14T12:55:29 IST" skipped="0">
  <testcase classname="testCases.TC002_LoginTest" name="Login_verified" time="3.974"/>
</testsuite> <!-- testCases.TC002_LoginTest -->
